#
# A fatal error has been detected by the Java Runtime Environment:
#
#  Internal Error (javaClasses.cpp:127), pid=8944, tid=7996
#  fatal error: Invalid layout of preloaded class
#
# JRE version:  (8.0_51-b16) (build )
# Java VM: Java HotSpot(TM) 64-Bit Server VM (25.51-b03 mixed mode windows-amd64 compressed oops)
# Failed to write core dump. Minidumps are not enabled by default on client versions of Windows
#
# If you would like to submit a bug report, please visit:
#   http://bugreport.java.com/bugreport/crash.jsp
#

---------------  T H R E A D  ---------------

Current thread (0x000000000299e000):  JavaThread "Unknown thread" [_thread_in_vm, id=7996, stack(0x00000000027c0000,0x00000000028c0000)]

Stack: [0x00000000027c0000,0x00000000028c0000]
Native frames: (J=compiled Java code, j=interpreted, Vv=VM code, C=native code)
V  [jvm.dll+0x32b4ca]
V  [jvm.dll+0x2797e3]
V  [jvm.dll+0x27a479]
V  [jvm.dll+0x2716e6]
V  [jvm.dll+0x67fc3]
V  [jvm.dll+0x680b3]
V  [jvm.dll+0x7d6da]
V  [jvm.dll+0x7da46]
V  [jvm.dll+0xf2087]
V  [jvm.dll+0xf2416]
V  [jvm.dll+0x20f077]
V  [jvm.dll+0x240d2a]
V  [jvm.dll+0x15b9a1]
C  [javaw.exe+0x217e]
C  [javaw.exe+0xcd37]
C  [javaw.exe+0xcdcb]
C  [KERNEL32.DLL+0x13d2]
C  [ntdll.dll+0x15454]


---------------  P R O C E S S  ---------------

Java Threads: ( => current thread )

Other Threads:

=>0x000000000299e000 (exited) JavaThread "Unknown thread" [_thread_in_vm, id=7996, stack(0x00000000027c0000,0x00000000028c0000)]

VM state:not at safepoint (not fully initialized)

VM Mutex/Monitor currently owned by a thread: None

GC Heap History (0 events):
No events

Deoptimization events (0 events):
No events

Internal exceptions (0 events):
No events

Events (10 events):
Event: 0.053 loading class java/lang/CharSequence done
Event: 0.054 loading class java/lang/String done
Event: 0.054 loading class java/lang/Class
Event: 0.054 loading class java/lang/reflect/AnnotatedElement
Event: 0.054 loading class java/lang/reflect/AnnotatedElement done
Event: 0.054 loading class java/lang/reflect/GenericDeclaration
Event: 0.054 loading class java/lang/reflect/GenericDeclaration done
Event: 0.054 loading class java/lang/reflect/Type
Event: 0.054 loading class java/lang/reflect/Type done
Event: 0.054 loading class java/lang/Class done


Dynamic libraries:
0x00007ff61abf0000 - 0x00007ff61ac27000 	C:\Program Files\Java\jre1.8.0_51\bin\javaw.exe
0x00007ff9d0f50000 - 0x00007ff9d10fc000 	C:\Windows\SYSTEM32\ntdll.dll
0x00007ff9d04d0000 - 0x00007ff9d060e000 	C:\Windows\system32\KERNEL32.DLL
0x00007ff9ce460000 - 0x00007ff9ce575000 	C:\Windows\system32\KERNELBASE.dll
0x00007ff9ccc50000 - 0x00007ff9cccde000 	C:\Windows\system32\apphelp.dll
0x00007ff99daa0000 - 0x00007ff99daf3000 	C:\Windows\AppPatch\AppPatch64\AcGenral.DLL
0x00007ff9d0210000 - 0x00007ff9d02ba000 	C:\Windows\system32\msvcrt.dll
0x00007ff9cdf50000 - 0x00007ff9cdf7e000 	C:\Windows\SYSTEM32\SspiCli.dll
0x00007ff9d0890000 - 0x00007ff9d08e4000 	C:\Windows\system32\SHLWAPI.dll
0x00007ff9d0bb0000 - 0x00007ff9d0d27000 	C:\Windows\system32\USER32.dll
0x00007ff9d0610000 - 0x00007ff9d07a4000 	C:\Windows\system32\ole32.dll
0x00007ff9cea40000 - 0x00007ff9cff59000 	C:\Windows\system32\SHELL32.dll
0x00007ff9cd6d0000 - 0x00007ff9cd6f1000 	C:\Windows\SYSTEM32\USERENV.dll
0x00007ff9d0950000 - 0x00007ff9d09fa000 	C:\Windows\system32\ADVAPI32.dll
0x00007ff9c04b0000 - 0x00007ff9c04ce000 	C:\Windows\SYSTEM32\MPR.dll
0x00007ff9d0380000 - 0x00007ff9d04c1000 	C:\Windows\system32\RPCRT4.dll
0x00007ff9d0320000 - 0x00007ff9d0379000 	C:\Windows\SYSTEM32\sechost.dll
0x00007ff9cfff0000 - 0x00007ff9d0201000 	C:\Windows\SYSTEM32\combase.dll
0x00007ff9d0e00000 - 0x00007ff9d0f4f000 	C:\Windows\system32\GDI32.dll
0x00007ff9ce0b0000 - 0x00007ff9ce0c5000 	C:\Windows\SYSTEM32\profapi.dll
0x00007ff9cc620000 - 0x00007ff9cc6d2000 	C:\Windows\SYSTEM32\SHCORE.dll
0x00007ff9cea00000 - 0x00007ff9cea36000 	C:\Windows\system32\IMM32.DLL
0x00007ff9ce890000 - 0x00007ff9ce9e2000 	C:\Windows\system32\MSCTF.dll
0x00007ff9cbd00000 - 0x00007ff9cbf7a000 	C:\Windows\WinSxS\amd64_microsoft.windows.common-controls_6595b64144ccf1df_6.0.9600.17810_none_6240b9c7ecbd0bda\COMCTL32.dll
0x0000000062150000 - 0x0000000062222000 	C:\Program Files\Java\jre1.8.0_51\bin\msvcr100.dll
0x000000005e0d0000 - 0x000000005e953000 	C:\Program Files\Java\jre1.8.0_51\bin\server\jvm.dll
0x00007ff9bccd0000 - 0x00007ff9bccd9000 	C:\Windows\SYSTEM32\WSOCK32.dll
0x00007ff9c9340000 - 0x00007ff9c9362000 	C:\Windows\SYSTEM32\WINMM.dll
0x00007ff9c9370000 - 0x00007ff9c937a000 	C:\Windows\SYSTEM32\VERSION.dll
0x00007ff9ce9f0000 - 0x00007ff9ce9f7000 	C:\Windows\system32\PSAPI.DLL
0x00007ff9d08f0000 - 0x00007ff9d094a000 	C:\Windows\system32\WS2_32.dll
0x00007ff9c91c0000 - 0x00007ff9c91ea000 	C:\Windows\SYSTEM32\WINMMBASE.dll
0x00007ff9d0880000 - 0x00007ff9d0889000 	C:\Windows\system32\NSI.dll
0x00007ff9ce180000 - 0x00007ff9ce1cf000 	C:\Windows\SYSTEM32\cfgmgr32.dll
0x00007ff9ccea0000 - 0x00007ff9ccec8000 	C:\Windows\SYSTEM32\DEVOBJ.dll
0x00000000622c0000 - 0x00000000622cf000 	C:\Program Files\Java\jre1.8.0_51\bin\verify.dll
0x0000000062290000 - 0x00000000622b9000 	C:\Program Files\Java\jre1.8.0_51\bin\java.dll
0x0000000062270000 - 0x0000000062286000 	C:\Program Files\Java\jre1.8.0_51\bin\zip.dll
0x00007ff99fa50000 - 0x00007ff99fbd9000 	C:\Windows\SYSTEM32\dbghelp.dll

VM Arguments:
jvm_args: -Dfile.encoding=UTF-8 -Xbootclasspath:D:\software\Android software\adt-bundle-windows-x86_64-20140702\sdk\platforms\android-18\android.jar 
java_command: com.example.bluetooth.le.DataSenter
java_class_path (initial): D:\UROPWORKPLACE\BLE_IBeacon\bin\classes
Launcher Type: SUN_STANDARD

Environment Variables:
JAVA_HOME=C:\Program Files\Java\jdk1.8.0_25;
CLASSPATH=. ;C:\Program Files\Java\jdk1.8.0_25;\lib;C:\Program Files\Java\jdk1.8.0_25;\lib\tools.jar;C:\Users\Xinyu\workspace2\SecondStep\src;
USERNAME=Xinyu
OS=Windows_NT
PROCESSOR_IDENTIFIER=Intel64 Family 6 Model 69 Stepping 1, GenuineIntel



---------------  S Y S T E M  ---------------

OS: Windows 8.1 , 64 bit Build 9600 (6.3.9600.17415)

CPU:total 4 (2 cores per cpu, 2 threads per core) family 6 model 69 stepping 1, cmov, cx8, fxsr, mmx, sse, sse2, sse3, ssse3, sse4.1, sse4.2, popcnt, avx, avx2, aes, clmul, erms, lzcnt, ht, tsc, tscinvbit, bmi1, bmi2

Memory: 4k page, physical 8268968k(3265764k free), swap 16657576k(8996484k free)

vm_info: Java HotSpot(TM) 64-Bit Server VM (25.51-b03) for windows-amd64 JRE (1.8.0_51-b16), built on Jun  8 2015 18:03:07 by "java_re" with MS VC++ 10.0 (VS2010)

time: Fri Oct 09 13:22:26 2015
elapsed time: 0 seconds (0d 0h 0m 0s)

